<?xml version="1.0" encoding="UTF-8"?>
<!-- Generated by org.testng.reporters.JUnitXMLReporter -->
<testsuite ignored="0" hostname="АагорнсынАратор" failures="0" tests="3" name="Command line test" time="0.27" errors="0" timestamp="2021-02-14T20:32:12 MSK">
  <testcase classname="Driver.SuperTest" name="@BeforeTest init" time="0.153">
    <failure type="java.lang.ExceptionInInitializerError">
      <![CDATA[java.lang.ExceptionInInitializerError
at Driver.SuperTest.init(SuperTest.java:17)
Caused by: java.lang.IllegalStateException: The path to the driver executable must be set by the webdriver.chrome.driver system property; for more information, see https://github.com/SeleniumHQ/selenium/wiki/ChromeDriver. The latest version can be downloaded from http://chromedriver.storage.googleapis.com/index.html
at com.google.common.base.Preconditions.checkState(Preconditions.java:847)
at org.openqa.selenium.remote.service.DriverService.findExecutable(DriverService.java:134)
at org.openqa.selenium.chrome.ChromeDriverService.access$000(ChromeDriverService.java:35)
at org.openqa.selenium.chrome.ChromeDriverService$Builder.findDefaultExecutable(ChromeDriverService.java:159)
at org.openqa.selenium.remote.service.DriverService$Builder.build(DriverService.java:355)
at org.openqa.selenium.chrome.ChromeDriverService.createDefaultService(ChromeDriverService.java:94)
at org.openqa.selenium.chrome.ChromeDriver.<init>(ChromeDriver.java:123)
at Driver.MainDriver.<clinit>(MainDriver.java:12)
... 35 more
... Removed 34 stack frames]]>
    </failure>
  </testcase> <!-- @BeforeTest init -->
  <testcase classname="FirstTest" name="@AfterTest tearDown" time="-1.613323932074E9">
    <skipped/>
  </testcase> <!-- @AfterTest tearDown -->
  <testcase classname="Driver.SuperTest" name="@AfterTest tearDown" time="-1.613323932075E9">
    <skipped/>
  </testcase> <!-- @AfterTest tearDown -->
  <testcase classname="Driver.SuperTest" name="saintPeterburgBankTest" time="0.0">
    <skipped/>
  </testcase> <!-- saintPeterburgBankTest -->
  <testcase classname="FirstTest" name="firstTest" time="0.0">
    <skipped/>
  </testcase> <!-- firstTest -->
  <testcase classname="FirstTest" name="secondTest" time="0.0">
    <skipped/>
  </testcase> <!-- secondTest -->
</testsuite> <!-- Command line test -->
